<?xml version="1.0" encoding="UTF-8"?>
<testsuite name="com.example.tic_tac_toe.TicTacToeApplicationTests" tests="1" skipped="0" failures="0" errors="0" timestamp="2022-12-01T18:39:06" hostname="MacBook-Air-Dominik.local" time="0.006">
  <properties/>
  <testcase name="if player type number lower then 1 and higher then expect false and throw WrongMouve" classname="com.example.tic_tac_toe.TicTacToeApplicationTests" time="0.006"/>
  <system-out><![CDATA[Begin of tests of Tic Tac Toe
Test #: 1
11
TicTacToe_game.WrongMouve
All tests are done
]]></system-out>
  <system-err><![CDATA[]]></system-err>
</testsuite>
